# JRE version: Java(TM) SE Runtime Environment (11.0.1+13) (build 11.0.1+13-LTS)
# Java VM: Java HotSpot(TM) 64-Bit Server VM (11.0.1+13-LTS, mixed mode, tiered, compressed oops, g1 gc, linux-amd64)
Heap:
 garbage-first heap   total 414720K, used 12406K [0x0000000093c00000, 0x0000000100000000)
  region size 1024K, 1 young (1024K), 1 survivors (1024K)
 Metaspace       used 30521K, capacity 31263K, committed 31488K, reserved 1077248K
  class space    used 3508K, capacity 3785K, committed 3840K, reserved 1048576K
GC Heap History (10 events):
Event: 1,476 GC heap after
{Heap after GC invocations=4 (full 0):
 garbage-first heap   total 112640K, used 8059K [0x0000000093c00000, 0x0000000100000000)
  region size 1024K, 3 young (3072K), 3 survivors (3072K)
 Metaspace       used 17107K, capacity 17444K, committed 17664K, reserved 1064960K
  class space    used 1839K, capacity 1946K, committed 2048K, reserved 1048576K
}
Event: 2,127 GC heap before
{Heap before GC invocations=4 (full 0):
 garbage-first heap   total 112640K, used 32635K [0x0000000093c00000, 0x0000000100000000)
  region size 1024K, 28 young (28672K), 3 survivors (3072K)
 Metaspace       used 20666K, capacity 21083K, committed 21248K, reserved 1069056K
  class space    used 2354K, capacity 2524K, committed 2560K, reserved 1048576K
}
Event: 2,133 GC heap after
{Heap after GC invocations=5 (full 0):
 garbage-first heap   total 138240K, used 9046K [0x0000000093c00000, 0x0000000100000000)
  region size 1024K, 3 young (3072K), 3 survivors (3072K)
 Metaspace       used 20666K, capacity 21083K, committed 21248K, reserved 1069056K
  class space    used 2354K, capacity 2524K, committed 2560K, reserved 1048576K
}
Event: 15,719 GC heap before
{Heap before GC invocations=6 (full 0):
 garbage-first heap   total 138240K, used 87894K [0x0000000093c00000, 0x0000000100000000)
  region size 1024K, 81 young (82944K), 3 survivors (3072K)
 Metaspace       used 30521K, capacity 31263K, committed 31488K, reserved 1077248K
  class space    used 3508K, capacity 3785K, committed 3840K, reserved 1048576K
}
Event: 19,451 GC heap after
{Heap after GC invocations=7 (full 0):
 garbage-first heap   total 138240K, used 12507K [0x0000000093c00000, 0x0000000100000000)
  region size 1024K, 7 young (7168K), 7 survivors (7168K)
 Metaspace       used 30521K, capacity 31263K, committed 31488K, reserved 1077248K
  class space    used 3508K, capacity 3785K, committed 3840K, reserved 1048576K
}
Event: 20,809 GC heap before
{Heap before GC invocations=7 (full 0):
 garbage-first heap   total 138240K, used 12507K [0x0000000093c00000, 0x0000000100000000)
  region size 1024K, 8 young (8192K), 7 survivors (7168K)
 Metaspace       used 30521K, capacity 31263K, committed 31488K, reserved 1077248K
  class space    used 3508K, capacity 3785K, committed 3840K, reserved 1048576K
}
Event: 21,318 GC heap after
{Heap after GC invocations=8 (full 0):
 garbage-first heap   total 138240K, used 12642K [0x0000000093c00000, 0x0000000100000000)
  region size 1024K, 1 young (1024K), 1 survivors (1024K)
 Metaspace       used 30521K, capacity 31263K, committed 31488K, reserved 1077248K
  class space    used 3508K, capacity 3785K, committed 3840K, reserved 1048576K
}
Event: 23,575 GC heap before
{Heap before GC invocations=8 (full 0):
 garbage-first heap   total 138240K, used 16738K [0x0000000093c00000, 0x0000000100000000)
  region size 1024K, 6 young (6144K), 1 survivors (1024K)
 Metaspace       used 30521K, capacity 31263K, committed 31488K, reserved 1077248K
  class space    used 3508K, capacity 3785K, committed 3840K, reserved 1048576K
}
Event: 25,800 GC heap after
{Heap after GC invocations=9 (full 0):
 garbage-first heap   total 138240K, used 12450K [0x0000000093c00000, 0x0000000100000000)
  region size 1024K, 1 young (1024K), 1 survivors (1024K)
 Metaspace       used 30521K, capacity 31263K, committed 31488K, reserved 1077248K
  class space    used 3508K, capacity 3785K, committed 3840K, reserved 1048576K
}
Event: 26,796 GC heap before
{Heap before GC invocations=9 (full 0):
 garbage-first heap   total 138240K, used 16546K [0x0000000093c00000, 0x0000000100000000)
  region size 1024K, 6 young (6144K), 1 survivors (1024K)
 Metaspace       used 30521K, capacity 31263K, committed 31488K, reserved 1077248K
  class space    used 3508K, capacity 3785K, committed 3840K, reserved 1048576K
}

